<?xml version="1.0" encoding="utf-8"?>
<shfbBuild product="Sandcastle Help File Builder" version="1.9.7.0" projectFile="D:\battleship\s1\Mohawk_Battleship\sandcastle_doc.shfbproj" started="2013-06-17 2:07:17 PM">
<buildStep step="Initializing">
Finding tools...
Found Sandcastle tools in &#39;C:\Program Files (x86)\Sandcastle\&#39;
Searching for HTML Help 1 compiler...
Found HTML Help 1 compiler in &#39;C:\Program Files (x86)\HTML Help Workshop\&#39;
</buildStep>
<buildStep step="ClearWorkFolder">
Clearing working folder...
</buildStep>
<buildStep step="ValidatingDocumentationSources">
Validating and copying documentation source information
Source: D:\battleship\s1\Mohawk_Battleship\bin\ctrlplugin.dll
    Found assembly &#39;D:\battleship\s1\Mohawk_Battleship\bin\ctrlplugin.dll&#39;
Source: D:\battleship\s1\Mohawk_Battleship\bin\ctrlplugin.XML
Source: D:\battleship\s1\Mohawk_Battleship\bin\mbc_core.dll
    Found assembly &#39;D:\battleship\s1\Mohawk_Battleship\bin\mbc_core.dll&#39;
Source: D:\battleship\s1\Mohawk_Battleship\bin\mbc_core.xml

References to include (excluding framework assemblies):
    ctrlplugin
    mbc_core

Copying XML comments files
    D:\battleship\s1\Mohawk_Battleship\bin\ctrlplugin.XML -&gt; D:\battleship\s1\Mohawk_Battleship\Help\Working\ctrlplugin.XML
    D:\battleship\s1\Mohawk_Battleship\bin\mbc_core.XML -&gt; D:\battleship\s1\Mohawk_Battleship\Help\Working\mbc_core.XML
</buildStep>
<buildStep step="GenerateSharedContent">
Generating shared content files (en-US, English (United States))...
    Last step completed in 00:00:00.0888
</buildStep>
<buildStep step="GenerateApiFilter">
Generating API filter for MRefBuilder...
    Last step completed in 00:00:00.0180
</buildStep>
<buildStep step="GenerateReflectionInfo">
Generating reflection information...
[C:\Windows\Microsoft.NET\Framework64\v4.0.30319\MSBuild.exe]
  MRefBuilder (v2.7.3.0)
  Copyright &#184; 2006-2013, Microsoft Corporation, All Rights Reserved.
  Portions Copyright &#184; 2006-2013, Eric Woodruff, All Rights Reserved.
  Info: Loaded 2 assemblies for reflection and 3 dependency assemblies.
  Info: Wrote information on 6 namespaces, 55 types, and 313 members
  XslTransform (v2.7.3.0)
  Copyright &#184; 2006-2013, Microsoft Corporation, All Rights Reserved.
  Portions Copyright &#184; 2006-2013, Eric Woodruff, All Rights Reserved.
  Info: Applying XSL transformation &#39;C:\Program Files (x86)\Sandcastle\ProductionTransforms\MergeDuplicates.xsl&#39;.
    Last step completed in 00:00:04.0082
</buildStep>
<buildStep step="GenerateNamespaceSummaries">
Generating namespace summary information...
    Last step completed in 00:00:00.0163
</buildStep>
<buildStep step="ApplyVisibilityProperties">
Applying visibility properties to reflection information file
    16 attribute nodes removed
    2 explicit interface implementations removed
    30 local and base class EII elements removed
    Last step completed in 00:00:00.0567
</buildStep>
<buildStep step="TransformReflectionInfo">
Transforming reflection output...
[C:\Windows\Microsoft.NET\Framework64\v4.0.30319\MSBuild.exe]
  XslTransform (v2.7.3.0)
  Copyright &#184; 2006-2013, Microsoft Corporation, All Rights Reserved.
  Portions Copyright &#184; 2006-2013, Eric Woodruff, All Rights Reserved.
  Info: Applying XSL transformation &#39;C:\Program Files (x86)\Sandcastle\\ProductionTransforms\ApplyVSDocModel.xsl&#39;.
  Info: Applying XSL transformation &#39;C:\Program Files (x86)\Sandcastle\ProductionTransforms\AddGuidFilenames.xsl&#39;.
  XslTransform (v2.7.3.0)
  Copyright &#184; 2006-2013, Microsoft Corporation, All Rights Reserved.
  Portions Copyright &#184; 2006-2013, Eric Woodruff, All Rights Reserved.
  Info: Applying XSL transformation &#39;C:\Program Files (x86)\Sandcastle\ProductionTransforms\ReflectionToManifest.xsl&#39;.
    Last step completed in 00:00:03.1790
</buildStep>
<buildStep step="ModifyHelpTopicFilenames">
Modifying help topic filenames in reflection information file
    No changes required
    Last step completed in 00:00:00.0662
</buildStep>
<buildStep step="CopyStandardContent">
Copying standard help content...
C:\Program Files (x86)\Sandcastle\\Presentation\VS2010\icons\1_404_bullet.gif -&gt; D:\battleship\s1\Mohawk_Battleship\Help\Working\Output\HtmlHelp1\icons\1_404_bullet.gif
C:\Program Files (x86)\Sandcastle\\Presentation\VS2010\icons\2_404_bullet.gif -&gt; D:\battleship\s1\Mohawk_Battleship\Help\Working\Output\HtmlHelp1\icons\2_404_bullet.gif
C:\Program Files (x86)\Sandcastle\\Presentation\VS2010\icons\alert_caution.gif -&gt; D:\battleship\s1\Mohawk_Battleship\Help\Working\Output\HtmlHelp1\icons\alert_caution.gif
C:\Program Files (x86)\Sandcastle\\Presentation\VS2010\icons\alert_note.gif -&gt; D:\battleship\s1\Mohawk_Battleship\Help\Working\Output\HtmlHelp1\icons\alert_note.gif
C:\Program Files (x86)\Sandcastle\\Presentation\VS2010\icons\alert_security.gif -&gt; D:\battleship\s1\Mohawk_Battleship\Help\Working\Output\HtmlHelp1\icons\alert_security.gif
C:\Program Files (x86)\Sandcastle\\Presentation\VS2010\icons\CFW.gif -&gt; D:\battleship\s1\Mohawk_Battleship\Help\Working\Output\HtmlHelp1\icons\CFW.gif
C:\Program Files (x86)\Sandcastle\\Presentation\VS2010\icons\close.gif -&gt; D:\battleship\s1\Mohawk_Battleship\Help\Working\Output\HtmlHelp1\icons\close.gif
C:\Program Files (x86)\Sandcastle\\Presentation\VS2010\icons\favicon.ico -&gt; D:\battleship\s1\Mohawk_Battleship\Help\Working\Output\HtmlHelp1\icons\favicon.ico
C:\Program Files (x86)\Sandcastle\\Presentation\VS2010\icons\footer_slice.gif -&gt; D:\battleship\s1\Mohawk_Battleship\Help\Working\Output\HtmlHelp1\icons\footer_slice.gif
C:\Program Files (x86)\Sandcastle\\Presentation\VS2010\icons\info_icon.gif -&gt; D:\battleship\s1\Mohawk_Battleship\Help\Working\Output\HtmlHelp1\icons\info_icon.gif
C:\Program Files (x86)\Sandcastle\\Presentation\VS2010\icons\note.gif -&gt; D:\battleship\s1\Mohawk_Battleship\Help\Working\Output\HtmlHelp1\icons\note.gif
C:\Program Files (x86)\Sandcastle\\Presentation\VS2010\icons\online_icon.gif -&gt; D:\battleship\s1\Mohawk_Battleship\Help\Working\Output\HtmlHelp1\icons\online_icon.gif
C:\Program Files (x86)\Sandcastle\\Presentation\VS2010\icons\open.gif -&gt; D:\battleship\s1\Mohawk_Battleship\Help\Working\Output\HtmlHelp1\icons\open.gif
C:\Program Files (x86)\Sandcastle\\Presentation\VS2010\icons\pencil.GIF -&gt; D:\battleship\s1\Mohawk_Battleship\Help\Working\Output\HtmlHelp1\icons\pencil.GIF
C:\Program Files (x86)\Sandcastle\\Presentation\VS2010\icons\privclass.gif -&gt; D:\battleship\s1\Mohawk_Battleship\Help\Working\Output\HtmlHelp1\icons\privclass.gif
C:\Program Files (x86)\Sandcastle\\Presentation\VS2010\icons\privdelegate.gif -&gt; D:\battleship\s1\Mohawk_Battleship\Help\Working\Output\HtmlHelp1\icons\privdelegate.gif
C:\Program Files (x86)\Sandcastle\\Presentation\VS2010\icons\privenumeration.gif -&gt; D:\battleship\s1\Mohawk_Battleship\Help\Working\Output\HtmlHelp1\icons\privenumeration.gif
C:\Program Files (x86)\Sandcastle\\Presentation\VS2010\icons\privevent.gif -&gt; D:\battleship\s1\Mohawk_Battleship\Help\Working\Output\HtmlHelp1\icons\privevent.gif
C:\Program Files (x86)\Sandcastle\\Presentation\VS2010\icons\privextension.gif -&gt; D:\battleship\s1\Mohawk_Battleship\Help\Working\Output\HtmlHelp1\icons\privextension.gif
C:\Program Files (x86)\Sandcastle\\Presentation\VS2010\icons\privfield.gif -&gt; D:\battleship\s1\Mohawk_Battleship\Help\Working\Output\HtmlHelp1\icons\privfield.gif
C:\Program Files (x86)\Sandcastle\\Presentation\VS2010\icons\privinterface.gif -&gt; D:\battleship\s1\Mohawk_Battleship\Help\Working\Output\HtmlHelp1\icons\privinterface.gif
C:\Program Files (x86)\Sandcastle\\Presentation\VS2010\icons\privmethod.gif -&gt; D:\battleship\s1\Mohawk_Battleship\Help\Working\Output\HtmlHelp1\icons\privmethod.gif
C:\Program Files (x86)\Sandcastle\\Presentation\VS2010\icons\privproperty.gif -&gt; D:\battleship\s1\Mohawk_Battleship\Help\Working\Output\HtmlHelp1\icons\privproperty.gif
C:\Program Files (x86)\Sandcastle\\Presentation\VS2010\icons\privstructure.gif -&gt; D:\battleship\s1\Mohawk_Battleship\Help\Working\Output\HtmlHelp1\icons\privstructure.gif
C:\Program Files (x86)\Sandcastle\\Presentation\VS2010\icons\protclass.gif -&gt; D:\battleship\s1\Mohawk_Battleship\Help\Working\Output\HtmlHelp1\icons\protclass.gif
C:\Program Files (x86)\Sandcastle\\Presentation\VS2010\icons\protdelegate.gif -&gt; D:\battleship\s1\Mohawk_Battleship\Help\Working\Output\HtmlHelp1\icons\protdelegate.gif
C:\Program Files (x86)\Sandcastle\\Presentation\VS2010\icons\protenumeration.gif -&gt; D:\battleship\s1\Mohawk_Battleship\Help\Working\Output\HtmlHelp1\icons\protenumeration.gif
C:\Program Files (x86)\Sandcastle\\Presentation\VS2010\icons\protevent.gif -&gt; D:\battleship\s1\Mohawk_Battleship\Help\Working\Output\HtmlHelp1\icons\protevent.gif
C:\Program Files (x86)\Sandcastle\\Presentation\VS2010\icons\protextension.gif -&gt; D:\battleship\s1\Mohawk_Battleship\Help\Working\Output\HtmlHelp1\icons\protextension.gif
C:\Program Files (x86)\Sandcastle\\Presentation\VS2010\icons\protfield.gif -&gt; D:\battleship\s1\Mohawk_Battleship\Help\Working\Output\HtmlHelp1\icons\protfield.gif
C:\Program Files (x86)\Sandcastle\\Presentation\VS2010\icons\protinterface.gif -&gt; D:\battleship\s1\Mohawk_Battleship\Help\Working\Output\HtmlHelp1\icons\protinterface.gif
C:\Program Files (x86)\Sandcastle\\Presentation\VS2010\icons\protmethod.gif -&gt; D:\battleship\s1\Mohawk_Battleship\Help\Working\Output\HtmlHelp1\icons\protmethod.gif
C:\Program Files (x86)\Sandcastle\\Presentation\VS2010\icons\protoperator.gif -&gt; D:\battleship\s1\Mohawk_Battleship\Help\Working\Output\HtmlHelp1\icons\protoperator.gif
C:\Program Files (x86)\Sandcastle\\Presentation\VS2010\icons\protproperty.gif -&gt; D:\battleship\s1\Mohawk_Battleship\Help\Working\Output\HtmlHelp1\icons\protproperty.gif
C:\Program Files (x86)\Sandcastle\\Presentation\VS2010\icons\protstructure.gif -&gt; D:\battleship\s1\Mohawk_Battleship\Help\Working\Output\HtmlHelp1\icons\protstructure.gif
C:\Program Files (x86)\Sandcastle\\Presentation\VS2010\icons\pubclass.gif -&gt; D:\battleship\s1\Mohawk_Battleship\Help\Working\Output\HtmlHelp1\icons\pubclass.gif
C:\Program Files (x86)\Sandcastle\\Presentation\VS2010\icons\pubdelegate.gif -&gt; D:\battleship\s1\Mohawk_Battleship\Help\Working\Output\HtmlHelp1\icons\pubdelegate.gif
C:\Program Files (x86)\Sandcastle\\Presentation\VS2010\icons\pubenumeration.gif -&gt; D:\battleship\s1\Mohawk_Battleship\Help\Working\Output\HtmlHelp1\icons\pubenumeration.gif
C:\Program Files (x86)\Sandcastle\\Presentation\VS2010\icons\pubevent.gif -&gt; D:\battleship\s1\Mohawk_Battleship\Help\Working\Output\HtmlHelp1\icons\pubevent.gif
C:\Program Files (x86)\Sandcastle\\Presentation\VS2010\icons\pubextension.gif -&gt; D:\battleship\s1\Mohawk_Battleship\Help\Working\Output\HtmlHelp1\icons\pubextension.gif
C:\Program Files (x86)\Sandcastle\\Presentation\VS2010\icons\pubfield.gif -&gt; D:\battleship\s1\Mohawk_Battleship\Help\Working\Output\HtmlHelp1\icons\pubfield.gif
C:\Program Files (x86)\Sandcastle\\Presentation\VS2010\icons\pubinterface.gif -&gt; D:\battleship\s1\Mohawk_Battleship\Help\Working\Output\HtmlHelp1\icons\pubinterface.gif
C:\Program Files (x86)\Sandcastle\\Presentation\VS2010\icons\pubmethod.gif -&gt; D:\battleship\s1\Mohawk_Battleship\Help\Working\Output\HtmlHelp1\icons\pubmethod.gif
C:\Program Files (x86)\Sandcastle\\Presentation\VS2010\icons\puboperator.gif -&gt; D:\battleship\s1\Mohawk_Battleship\Help\Working\Output\HtmlHelp1\icons\puboperator.gif
C:\Program Files (x86)\Sandcastle\\Presentation\VS2010\icons\pubproperty.gif -&gt; D:\battleship\s1\Mohawk_Battleship\Help\Working\Output\HtmlHelp1\icons\pubproperty.gif
C:\Program Files (x86)\Sandcastle\\Presentation\VS2010\icons\pubstructure.gif -&gt; D:\battleship\s1\Mohawk_Battleship\Help\Working\Output\HtmlHelp1\icons\pubstructure.gif
C:\Program Files (x86)\Sandcastle\\Presentation\VS2010\icons\search.gif -&gt; D:\battleship\s1\Mohawk_Battleship\Help\Working\Output\HtmlHelp1\icons\search.gif
C:\Program Files (x86)\Sandcastle\\Presentation\VS2010\icons\search_bk.gif -&gt; D:\battleship\s1\Mohawk_Battleship\Help\Working\Output\HtmlHelp1\icons\search_bk.gif
C:\Program Files (x86)\Sandcastle\\Presentation\VS2010\icons\security.gif -&gt; D:\battleship\s1\Mohawk_Battleship\Help\Working\Output\HtmlHelp1\icons\security.gif
C:\Program Files (x86)\Sandcastle\\Presentation\VS2010\icons\slMobile.gif -&gt; D:\battleship\s1\Mohawk_Battleship\Help\Working\Output\HtmlHelp1\icons\slMobile.gif
C:\Program Files (x86)\Sandcastle\\Presentation\VS2010\icons\static.gif -&gt; D:\battleship\s1\Mohawk_Battleship\Help\Working\Output\HtmlHelp1\icons\static.gif
C:\Program Files (x86)\Sandcastle\\Presentation\VS2010\icons\tabLeftBG.gif -&gt; D:\battleship\s1\Mohawk_Battleship\Help\Working\Output\HtmlHelp1\icons\tabLeftBG.gif
C:\Program Files (x86)\Sandcastle\\Presentation\VS2010\icons\tabRightBG.gif -&gt; D:\battleship\s1\Mohawk_Battleship\Help\Working\Output\HtmlHelp1\icons\tabRightBG.gif
C:\Program Files (x86)\Sandcastle\\Presentation\VS2010\icons\ui_om_collapse.gif -&gt; D:\battleship\s1\Mohawk_Battleship\Help\Working\Output\HtmlHelp1\icons\ui_om_collapse.gif
C:\Program Files (x86)\Sandcastle\\Presentation\VS2010\icons\ui_om_expand.gif -&gt; D:\battleship\s1\Mohawk_Battleship\Help\Working\Output\HtmlHelp1\icons\ui_om_expand.gif
C:\Program Files (x86)\Sandcastle\\Presentation\VS2010\icons\xna.gif -&gt; D:\battleship\s1\Mohawk_Battleship\Help\Working\Output\HtmlHelp1\icons\xna.gif
C:\Program Files (x86)\Sandcastle\\Presentation\VS2010\scripts\branding.js -&gt; D:\battleship\s1\Mohawk_Battleship\Help\Working\Output\HtmlHelp1\scripts\branding.js
C:\Program Files (x86)\Sandcastle\\Presentation\VS2010\styles\branding-cs-CZ.css -&gt; D:\battleship\s1\Mohawk_Battleship\Help\Working\Output\HtmlHelp1\styles\branding-cs-CZ.css
C:\Program Files (x86)\Sandcastle\\Presentation\VS2010\styles\branding-de-DE.css -&gt; D:\battleship\s1\Mohawk_Battleship\Help\Working\Output\HtmlHelp1\styles\branding-de-DE.css
C:\Program Files (x86)\Sandcastle\\Presentation\VS2010\styles\branding-en-US.css -&gt; D:\battleship\s1\Mohawk_Battleship\Help\Working\Output\HtmlHelp1\styles\branding-en-US.css
C:\Program Files (x86)\Sandcastle\\Presentation\VS2010\styles\branding-es-ES.css -&gt; D:\battleship\s1\Mohawk_Battleship\Help\Working\Output\HtmlHelp1\styles\branding-es-ES.css
C:\Program Files (x86)\Sandcastle\\Presentation\VS2010\styles\branding-fr-FR.css -&gt; D:\battleship\s1\Mohawk_Battleship\Help\Working\Output\HtmlHelp1\styles\branding-fr-FR.css
C:\Program Files (x86)\Sandcastle\\Presentation\VS2010\styles\branding-it-IT.css -&gt; D:\battleship\s1\Mohawk_Battleship\Help\Working\Output\HtmlHelp1\styles\branding-it-IT.css
C:\Program Files (x86)\Sandcastle\\Presentation\VS2010\styles\branding-ja-JP.css -&gt; D:\battleship\s1\Mohawk_Battleship\Help\Working\Output\HtmlHelp1\styles\branding-ja-JP.css
C:\Program Files (x86)\Sandcastle\\Presentation\VS2010\styles\branding-ko-KR.css -&gt; D:\battleship\s1\Mohawk_Battleship\Help\Working\Output\HtmlHelp1\styles\branding-ko-KR.css
C:\Program Files (x86)\Sandcastle\\Presentation\VS2010\styles\branding-pl-PL.css -&gt; D:\battleship\s1\Mohawk_Battleship\Help\Working\Output\HtmlHelp1\styles\branding-pl-PL.css
C:\Program Files (x86)\Sandcastle\\Presentation\VS2010\styles\branding-pt-BR.css -&gt; D:\battleship\s1\Mohawk_Battleship\Help\Working\Output\HtmlHelp1\styles\branding-pt-BR.css
C:\Program Files (x86)\Sandcastle\\Presentation\VS2010\styles\branding-ru-RU.css -&gt; D:\battleship\s1\Mohawk_Battleship\Help\Working\Output\HtmlHelp1\styles\branding-ru-RU.css
C:\Program Files (x86)\Sandcastle\\Presentation\VS2010\styles\branding-tr-TR.css -&gt; D:\battleship\s1\Mohawk_Battleship\Help\Working\Output\HtmlHelp1\styles\branding-tr-TR.css
C:\Program Files (x86)\Sandcastle\\Presentation\VS2010\styles\branding-zh-CN.css -&gt; D:\battleship\s1\Mohawk_Battleship\Help\Working\Output\HtmlHelp1\styles\branding-zh-CN.css
C:\Program Files (x86)\Sandcastle\\Presentation\VS2010\styles\branding-zh-TW.css -&gt; D:\battleship\s1\Mohawk_Battleship\Help\Working\Output\HtmlHelp1\styles\branding-zh-TW.css
C:\Program Files (x86)\Sandcastle\\Presentation\VS2010\styles\branding.css -&gt; D:\battleship\s1\Mohawk_Battleship\Help\Working\Output\HtmlHelp1\styles\branding.css
Copying help branding...
C:\Program Files (x86)\Sandcastle\\Presentation\VS2010\branding\dev10.mshc -&gt; D:\battleship\s1\Mohawk_Battleship\Help\Working\Output\HtmlHelp1\branding\
C:\Program Files (x86)\Sandcastle\\Presentation\VS2010\branding\dev10.mshc -&gt; D:\battleship\s1\Mohawk_Battleship\Help\Working\branding
    C:\Program Files (x86)\Sandcastle\\Presentation\VS2010\branding\dev10.mshc/body.xslt -> D:\battleship\s1\Mohawk_Battleship\Help\Working\branding\body.xslt
    C:\Program Files (x86)\Sandcastle\\Presentation\VS2010\branding\dev10.mshc/head.xslt -> D:\battleship\s1\Mohawk_Battleship\Help\Working\branding\head.xslt
    C:\Program Files (x86)\Sandcastle\\Presentation\VS2010\branding\dev10.mshc/CodeSnippet.xslt -> D:\battleship\s1\Mohawk_Battleship\Help\Working\branding\CodeSnippet.xslt
    C:\Program Files (x86)\Sandcastle\\Presentation\VS2010\branding\dev10.mshc/codesnippet-cs-CZ.xslt -> D:\battleship\s1\Mohawk_Battleship\Help\Working\branding\codesnippet-cs-CZ.xslt
    C:\Program Files (x86)\Sandcastle\\Presentation\VS2010\branding\dev10.mshc/codesnippet-de-DE.xslt -> D:\battleship\s1\Mohawk_Battleship\Help\Working\branding\codesnippet-de-DE.xslt
    C:\Program Files (x86)\Sandcastle\\Presentation\VS2010\branding\dev10.mshc/codesnippet-en-US.xslt -> D:\battleship\s1\Mohawk_Battleship\Help\Working\branding\codesnippet-en-US.xslt
    C:\Program Files (x86)\Sandcastle\\Presentation\VS2010\branding\dev10.mshc/codesnippet-es-ES.xslt -> D:\battleship\s1\Mohawk_Battleship\Help\Working\branding\codesnippet-es-ES.xslt
    C:\Program Files (x86)\Sandcastle\\Presentation\VS2010\branding\dev10.mshc/codesnippet-fr-FR.xslt -> D:\battleship\s1\Mohawk_Battleship\Help\Working\branding\codesnippet-fr-FR.xslt
    C:\Program Files (x86)\Sandcastle\\Presentation\VS2010\branding\dev10.mshc/codesnippet-it-IT.xslt -> D:\battleship\s1\Mohawk_Battleship\Help\Working\branding\codesnippet-it-IT.xslt
    C:\Program Files (x86)\Sandcastle\\Presentation\VS2010\branding\dev10.mshc/codesnippet-ja-JP.xslt -> D:\battleship\s1\Mohawk_Battleship\Help\Working\branding\codesnippet-ja-JP.xslt
    C:\Program Files (x86)\Sandcastle\\Presentation\VS2010\branding\dev10.mshc/codesnippet-ko-KR.xslt -> D:\battleship\s1\Mohawk_Battleship\Help\Working\branding\codesnippet-ko-KR.xslt
    C:\Program Files (x86)\Sandcastle\\Presentation\VS2010\branding\dev10.mshc/codesnippet-pl-PL.xslt -> D:\battleship\s1\Mohawk_Battleship\Help\Working\branding\codesnippet-pl-PL.xslt
    C:\Program Files (x86)\Sandcastle\\Presentation\VS2010\branding\dev10.mshc/codesnippet-pt-BR.xslt -> D:\battleship\s1\Mohawk_Battleship\Help\Working\branding\codesnippet-pt-BR.xslt
    C:\Program Files (x86)\Sandcastle\\Presentation\VS2010\branding\dev10.mshc/codesnippet-ru-RU.xslt -> D:\battleship\s1\Mohawk_Battleship\Help\Working\branding\codesnippet-ru-RU.xslt
    C:\Program Files (x86)\Sandcastle\\Presentation\VS2010\branding\dev10.mshc/codesnippet-tr-TR.xslt -> D:\battleship\s1\Mohawk_Battleship\Help\Working\branding\codesnippet-tr-TR.xslt
    C:\Program Files (x86)\Sandcastle\\Presentation\VS2010\branding\dev10.mshc/codesnippet-zh-CN.xslt -> D:\battleship\s1\Mohawk_Battleship\Help\Working\branding\codesnippet-zh-CN.xslt
    C:\Program Files (x86)\Sandcastle\\Presentation\VS2010\branding\dev10.mshc/codesnippet-zh-TW.xslt -> D:\battleship\s1\Mohawk_Battleship\Help\Working\branding\codesnippet-zh-TW.xslt
    C:\Program Files (x86)\Sandcastle\\Presentation\VS2010\branding\dev10.mshc/Identity.xslt -> D:\battleship\s1\Mohawk_Battleship\Help\Working\branding\Identity.xslt
    C:\Program Files (x86)\Sandcastle\\Presentation\VS2010\branding\dev10.mshc/InstrumentedLink.xslt -> D:\battleship\s1\Mohawk_Battleship\Help\Working\branding\InstrumentedLink.xslt
    C:\Program Files (x86)\Sandcastle\\Presentation\VS2010\branding\dev10.mshc/instrumentedlink-cs-CZ.xslt -> D:\battleship\s1\Mohawk_Battleship\Help\Working\branding\instrumentedlink-cs-CZ.xslt
    C:\Program Files (x86)\Sandcastle\\Presentation\VS2010\branding\dev10.mshc/instrumentedlink-de-DE.xslt -> D:\battleship\s1\Mohawk_Battleship\Help\Working\branding\instrumentedlink-de-DE.xslt
    C:\Program Files (x86)\Sandcastle\\Presentation\VS2010\branding\dev10.mshc/instrumentedlink-en-US.xslt -> D:\battleship\s1\Mohawk_Battleship\Help\Working\branding\instrumentedlink-en-US.xslt
    C:\Program Files (x86)\Sandcastle\\Presentation\VS2010\branding\dev10.mshc/instrumentedlink-es-ES.xslt -> D:\battleship\s1\Mohawk_Battleship\Help\Working\branding\instrumentedlink-es-ES.xslt
    C:\Program Files (x86)\Sandcastle\\Presentation\VS2010\branding\dev10.mshc/instrumentedlink-fr-FR.xslt -> D:\battleship\s1\Mohawk_Battleship\Help\Working\branding\instrumentedlink-fr-FR.xslt
    C:\Program Files (x86)\Sandcastle\\Presentation\VS2010\branding\dev10.mshc/instrumentedlink-it-IT.xslt -> D:\battleship\s1\Mohawk_Battleship\Help\Working\branding\instrumentedlink-it-IT.xslt
    C:\Program Files (x86)\Sandcastle\\Presentation\VS2010\branding\dev10.mshc/instrumentedlink-ja-JP.xslt -> D:\battleship\s1\Mohawk_Battleship\Help\Working\branding\instrumentedlink-ja-JP.xslt
    C:\Program Files (x86)\Sandcastle\\Presentation\VS2010\branding\dev10.mshc/instrumentedlink-ko-KR.xslt -> D:\battleship\s1\Mohawk_Battleship\Help\Working\branding\instrumentedlink-ko-KR.xslt
    C:\Program Files (x86)\Sandcastle\\Presentation\VS2010\branding\dev10.mshc/instrumentedlink-pl-PL.xslt -> D:\battleship\s1\Mohawk_Battleship\Help\Working\branding\instrumentedlink-pl-PL.xslt
    C:\Program Files (x86)\Sandcastle\\Presentation\VS2010\branding\dev10.mshc/instrumentedlink-pt-BR.xslt -> D:\battleship\s1\Mohawk_Battleship\Help\Working\branding\instrumentedlink-pt-BR.xslt
    C:\Program Files (x86)\Sandcastle\\Presentation\VS2010\branding\dev10.mshc/instrumentedlink-ru-RU.xslt -> D:\battleship\s1\Mohawk_Battleship\Help\Working\branding\instrumentedlink-ru-RU.xslt
    C:\Program Files (x86)\Sandcastle\\Presentation\VS2010\branding\dev10.mshc/instrumentedlink-tr-TR.xslt -> D:\battleship\s1\Mohawk_Battleship\Help\Working\branding\instrumentedlink-tr-TR.xslt
    C:\Program Files (x86)\Sandcastle\\Presentation\VS2010\branding\dev10.mshc/instrumentedlink-zh-CN.xslt -> D:\battleship\s1\Mohawk_Battleship\Help\Working\branding\instrumentedlink-zh-CN.xslt
    C:\Program Files (x86)\Sandcastle\\Presentation\VS2010\branding\dev10.mshc/instrumentedlink-zh-TW.xslt -> D:\battleship\s1\Mohawk_Battleship\Help\Working\branding\instrumentedlink-zh-TW.xslt
    C:\Program Files (x86)\Sandcastle\\Presentation\VS2010\branding\dev10.mshc/LanguageSpecificText.xslt -> D:\battleship\s1\Mohawk_Battleship\Help\Working\branding\LanguageSpecificText.xslt
    C:\Program Files (x86)\Sandcastle\\Presentation\VS2010\branding\dev10.mshc/MultiViewTable.xslt -> D:\battleship\s1\Mohawk_Battleship\Help\Working\branding\MultiViewTable.xslt
    C:\Program Files (x86)\Sandcastle\\Presentation\VS2010\branding\dev10.mshc/MultiViewTable-cs-CZ.xslt -> D:\battleship\s1\Mohawk_Battleship\Help\Working\branding\MultiViewTable-cs-CZ.xslt
    C:\Program Files (x86)\Sandcastle\\Presentation\VS2010\branding\dev10.mshc/MultiViewTable-de-DE.xslt -> D:\battleship\s1\Mohawk_Battleship\Help\Working\branding\MultiViewTable-de-DE.xslt
    C:\Program Files (x86)\Sandcastle\\Presentation\VS2010\branding\dev10.mshc/MultiViewTable-en-US.xslt -> D:\battleship\s1\Mohawk_Battleship\Help\Working\branding\MultiViewTable-en-US.xslt
    C:\Program Files (x86)\Sandcastle\\Presentation\VS2010\branding\dev10.mshc/MultiViewTable-es-ES.xslt -> D:\battleship\s1\Mohawk_Battleship\Help\Working\branding\MultiViewTable-es-ES.xslt
    C:\Program Files (x86)\Sandcastle\\Presentation\VS2010\branding\dev10.mshc/MultiViewTable-fr-FR.xslt -> D:\battleship\s1\Mohawk_Battleship\Help\Working\branding\MultiViewTable-fr-FR.xslt
    C:\Program Files (x86)\Sandcastle\\Presentation\VS2010\branding\dev10.mshc/MultiViewTable-it-IT.xslt -> D:\battleship\s1\Mohawk_Battleship\Help\Working\branding\MultiViewTable-it-IT.xslt
    C:\Program Files (x86)\Sandcastle\\Presentation\VS2010\branding\dev10.mshc/MultiViewTable-ja-JP.xslt -> D:\battleship\s1\Mohawk_Battleship\Help\Working\branding\MultiViewTable-ja-JP.xslt
    C:\Program Files (x86)\Sandcastle\\Presentation\VS2010\branding\dev10.mshc/MultiViewTable-ko-KR.xslt -> D:\battleship\s1\Mohawk_Battleship\Help\Working\branding\MultiViewTable-ko-KR.xslt
    C:\Program Files (x86)\Sandcastle\\Presentation\VS2010\branding\dev10.mshc/MultiViewTable-pl-PL.xslt -> D:\battleship\s1\Mohawk_Battleship\Help\Working\branding\MultiViewTable-pl-PL.xslt
    C:\Program Files (x86)\Sandcastle\\Presentation\VS2010\branding\dev10.mshc/MultiViewTable-pt-BR.xslt -> D:\battleship\s1\Mohawk_Battleship\Help\Working\branding\MultiViewTable-pt-BR.xslt
    C:\Program Files (x86)\Sandcastle\\Presentation\VS2010\branding\dev10.mshc/MultiViewTable-ru-RU.xslt -> D:\battleship\s1\Mohawk_Battleship\Help\Working\branding\MultiViewTable-ru-RU.xslt
    C:\Program Files (x86)\Sandcastle\\Presentation\VS2010\branding\dev10.mshc/MultiViewTable-tr-TR.xslt -> D:\battleship\s1\Mohawk_Battleship\Help\Working\branding\MultiViewTable-tr-TR.xslt
    C:\Program Files (x86)\Sandcastle\\Presentation\VS2010\branding\dev10.mshc/MultiViewTable-zh-CN.xslt -> D:\battleship\s1\Mohawk_Battleship\Help\Working\branding\MultiViewTable-zh-CN.xslt
    C:\Program Files (x86)\Sandcastle\\Presentation\VS2010\branding\dev10.mshc/MultiViewTable-zh-TW.xslt -> D:\battleship\s1\Mohawk_Battleship\Help\Working\branding\MultiViewTable-zh-TW.xslt
    C:\Program Files (x86)\Sandcastle\\Presentation\VS2010\branding\dev10.mshc/index.xslt -> D:\battleship\s1\Mohawk_Battleship\Help\Working\branding\index.xslt
    C:\Program Files (x86)\Sandcastle\\Presentation\VS2010\branding\dev10.mshc/index-cs-CZ.xslt -> D:\battleship\s1\Mohawk_Battleship\Help\Working\branding\index-cs-CZ.xslt
    C:\Program Files (x86)\Sandcastle\\Presentation\VS2010\branding\dev10.mshc/index-de-DE.xslt -> D:\battleship\s1\Mohawk_Battleship\Help\Working\branding\index-de-DE.xslt
    C:\Program Files (x86)\Sandcastle\\Presentation\VS2010\branding\dev10.mshc/index-en-US.xslt -> D:\battleship\s1\Mohawk_Battleship\Help\Working\branding\index-en-US.xslt
    C:\Program Files (x86)\Sandcastle\\Presentation\VS2010\branding\dev10.mshc/index-es-ES.xslt -> D:\battleship\s1\Mohawk_Battleship\Help\Working\branding\index-es-ES.xslt
    C:\Program Files (x86)\Sandcastle\\Presentation\VS2010\branding\dev10.mshc/index-fr-FR.xslt -> D:\battleship\s1\Mohawk_Battleship\Help\Working\branding\index-fr-FR.xslt
    C:\Program Files (x86)\Sandcastle\\Presentation\VS2010\branding\dev10.mshc/index-it-IT.xslt -> D:\battleship\s1\Mohawk_Battleship\Help\Working\branding\index-it-IT.xslt
    C:\Program Files (x86)\Sandcastle\\Presentation\VS2010\branding\dev10.mshc/index-ja-JP.xslt -> D:\battleship\s1\Mohawk_Battleship\Help\Working\branding\index-ja-JP.xslt
    C:\Program Files (x86)\Sandcastle\\Presentation\VS2010\branding\dev10.mshc/index-ko-KR.xslt -> D:\battleship\s1\Mohawk_Battleship\Help\Working\branding\index-ko-KR.xslt
    C:\Program Files (x86)\Sandcastle\\Presentation\VS2010\branding\dev10.mshc/index-pl-PL.xslt -> D:\battleship\s1\Mohawk_Battleship\Help\Working\branding\index-pl-PL.xslt
    C:\Program Files (x86)\Sandcastle\\Presentation\VS2010\branding\dev10.mshc/index-pt-BR.xslt -> D:\battleship\s1\Mohawk_Battleship\Help\Working\branding\index-pt-BR.xslt
    C:\Program Files (x86)\Sandcastle\\Presentation\VS2010\branding\dev10.mshc/index-ru-RU.xslt -> D:\battleship\s1\Mohawk_Battleship\Help\Working\branding\index-ru-RU.xslt
    C:\Program Files (x86)\Sandcastle\\Presentation\VS2010\branding\dev10.mshc/index-tr-TR.xslt -> D:\battleship\s1\Mohawk_Battleship\Help\Working\branding\index-tr-TR.xslt
    C:\Program Files (x86)\Sandcastle\\Presentation\VS2010\branding\dev10.mshc/index-zh-CN.xslt -> D:\battleship\s1\Mohawk_Battleship\Help\Working\branding\index-zh-CN.xslt
    C:\Program Files (x86)\Sandcastle\\Presentation\VS2010\branding\dev10.mshc/index-zh-TW.xslt -> D:\battleship\s1\Mohawk_Battleship\Help\Working\branding\index-zh-TW.xslt
    C:\Program Files (x86)\Sandcastle\\Presentation\VS2010\branding\dev10.mshc/search.xslt -> D:\battleship\s1\Mohawk_Battleship\Help\Working\branding\search.xslt
    C:\Program Files (x86)\Sandcastle\\Presentation\VS2010\branding\dev10.mshc/search-cs-CZ.xslt -> D:\battleship\s1\Mohawk_Battleship\Help\Working\branding\search-cs-CZ.xslt
    C:\Program Files (x86)\Sandcastle\\Presentation\VS2010\branding\dev10.mshc/search-de-DE.xslt -> D:\battleship\s1\Mohawk_Battleship\Help\Working\branding\search-de-DE.xslt
    C:\Program Files (x86)\Sandcastle\\Presentation\VS2010\branding\dev10.mshc/search-en-US.xslt -> D:\battleship\s1\Mohawk_Battleship\Help\Working\branding\search-en-US.xslt
    C:\Program Files (x86)\Sandcastle\\Presentation\VS2010\branding\dev10.mshc/search-es-ES.xslt -> D:\battleship\s1\Mohawk_Battleship\Help\Working\branding\search-es-ES.xslt
    C:\Program Files (x86)\Sandcastle\\Presentation\VS2010\branding\dev10.mshc/search-fr-FR.xslt -> D:\battleship\s1\Mohawk_Battleship\Help\Working\branding\search-fr-FR.xslt
    C:\Program Files (x86)\Sandcastle\\Presentation\VS2010\branding\dev10.mshc/search-it-IT.xslt -> D:\battleship\s1\Mohawk_Battleship\Help\Working\branding\search-it-IT.xslt
    C:\Program Files (x86)\Sandcastle\\Presentation\VS2010\branding\dev10.mshc/search-ja-JP.xslt -> D:\battleship\s1\Mohawk_Battleship\Help\Working\branding\search-ja-JP.xslt
    C:\Program Files (x86)\Sandcastle\\Presentation\VS2010\branding\dev10.mshc/search-ko-KR.xslt -> D:\battleship\s1\Mohawk_Battleship\Help\Working\branding\search-ko-KR.xslt
    C:\Program Files (x86)\Sandcastle\\Presentation\VS2010\branding\dev10.mshc/search-pl-PL.xslt -> D:\battleship\s1\Mohawk_Battleship\Help\Working\branding\search-pl-PL.xslt
    C:\Program Files (x86)\Sandcastle\\Presentation\VS2010\branding\dev10.mshc/search-pt-BR.xslt -> D:\battleship\s1\Mohawk_Battleship\Help\Working\branding\search-pt-BR.xslt
    C:\Program Files (x86)\Sandcastle\\Presentation\VS2010\branding\dev10.mshc/search-ru-RU.xslt -> D:\battleship\s1\Mohawk_Battleship\Help\Working\branding\search-ru-RU.xslt
    C:\Program Files (x86)\Sandcastle\\Presentation\VS2010\branding\dev10.mshc/search-tr-TR.xslt -> D:\battleship\s1\Mohawk_Battleship\Help\Working\branding\search-tr-TR.xslt
    C:\Program Files (x86)\Sandcastle\\Presentation\VS2010\branding\dev10.mshc/search-zh-CN.xslt -> D:\battleship\s1\Mohawk_Battleship\Help\Working\branding\search-zh-CN.xslt
    C:\Program Files (x86)\Sandcastle\\Presentation\VS2010\branding\dev10.mshc/search-zh-TW.xslt -> D:\battleship\s1\Mohawk_Battleship\Help\Working\branding\search-zh-TW.xslt
    C:\Program Files (x86)\Sandcastle\\Presentation\VS2010\branding\dev10.mshc/toc.xslt -> D:\battleship\s1\Mohawk_Battleship\Help\Working\branding\toc.xslt
    C:\Program Files (x86)\Sandcastle\\Presentation\VS2010\branding\dev10.mshc/toc-cs-CZ.xslt -> D:\battleship\s1\Mohawk_Battleship\Help\Working\branding\toc-cs-CZ.xslt
    C:\Program Files (x86)\Sandcastle\\Presentation\VS2010\branding\dev10.mshc/toc-de-DE.xslt -> D:\battleship\s1\Mohawk_Battleship\Help\Working\branding\toc-de-DE.xslt
    C:\Program Files (x86)\Sandcastle\\Presentation\VS2010\branding\dev10.mshc/toc-en-US.xslt -> D:\battleship\s1\Mohawk_Battleship\Help\Working\branding\toc-en-US.xslt
    C:\Program Files (x86)\Sandcastle\\Presentation\VS2010\branding\dev10.mshc/toc-es-ES.xslt -> D:\battleship\s1\Mohawk_Battleship\Help\Working\branding\toc-es-ES.xslt
    C:\Program Files (x86)\Sandcastle\\Presentation\VS2010\branding\dev10.mshc/toc-fr-FR.xslt -> D:\battleship\s1\Mohawk_Battleship\Help\Working\branding\toc-fr-FR.xslt
    C:\Program Files (x86)\Sandcastle\\Presentation\VS2010\branding\dev10.mshc/toc-it-IT.xslt -> D:\battleship\s1\Mohawk_Battleship\Help\Working\branding\toc-it-IT.xslt
    C:\Program Files (x86)\Sandcastle\\Presentation\VS2010\branding\dev10.mshc/toc-ja-JP.xslt -> D:\battleship\s1\Mohawk_Battleship\Help\Working\branding\toc-ja-JP.xslt
    C:\Program Files (x86)\Sandcastle\\Presentation\VS2010\branding\dev10.mshc/toc-ko-KR.xslt -> D:\battleship\s1\Mohawk_Battleship\Help\Working\branding\toc-ko-KR.xslt
    C:\Program Files (x86)\Sandcastle\\Presentation\VS2010\branding\dev10.mshc/toc-pl-PL.xslt -> D:\battleship\s1\Mohawk_Battleship\Help\Working\branding\toc-pl-PL.xslt
    C:\Program Files (x86)\Sandcastle\\Presentation\VS2010\branding\dev10.mshc/toc-pt-BR.xslt -> D:\battleship\s1\Mohawk_Battleship\Help\Working\branding\toc-pt-BR.xslt
    C:\Program Files (x86)\Sandcastle\\Presentation\VS2010\branding\dev10.mshc/toc-ru-RU.xslt -> D:\battleship\s1\Mohawk_Battleship\Help\Working\branding\toc-ru-RU.xslt
    C:\Program Files (x86)\Sandcastle\\Presentation\VS2010\branding\dev10.mshc/toc-tr-TR.xslt -> D:\battleship\s1\Mohawk_Battleship\Help\Working\branding\toc-tr-TR.xslt
    C:\Program Files (x86)\Sandcastle\\Presentation\VS2010\branding\dev10.mshc/toc-zh-CN.xslt -> D:\battleship\s1\Mohawk_Battleship\Help\Working\branding\toc-zh-CN.xslt
    C:\Program Files (x86)\Sandcastle\\Presentation\VS2010\branding\dev10.mshc/toc-zh-TW.xslt -> D:\battleship\s1\Mohawk_Battleship\Help\Working\branding\toc-zh-TW.xslt
C:\Program Files (x86)\Sandcastle\\Presentation\VS2010\branding -&gt; D:\battleship\s1\Mohawk_Battleship\Help\Working\Output\HtmlHelp1\branding\
C:\Program Files (x86)\Sandcastle\\Presentation\VS2010\branding -&gt; D:\battleship\s1\Mohawk_Battleship\Help\Working\branding
    C:\Program Files (x86)\Sandcastle\Presentation\VS2010\branding\branding.xml -> D:\battleship\s1\Mohawk_Battleship\Help\Working\branding\branding.xml
    C:\Program Files (x86)\Sandcastle\Presentation\VS2010\branding\branding.xslt -> D:\battleship\s1\Mohawk_Battleship\Help\Working\branding\branding.xslt
    C:\Program Files (x86)\Sandcastle\Presentation\VS2010\branding\branding-cs-CZ.xslt -> D:\battleship\s1\Mohawk_Battleship\Help\Working\branding\branding-cs-CZ.xslt
    C:\Program Files (x86)\Sandcastle\Presentation\VS2010\branding\branding-de-DE.xslt -> D:\battleship\s1\Mohawk_Battleship\Help\Working\branding\branding-de-DE.xslt
    C:\Program Files (x86)\Sandcastle\Presentation\VS2010\branding\branding-en-US.xslt -> D:\battleship\s1\Mohawk_Battleship\Help\Working\branding\branding-en-US.xslt
    C:\Program Files (x86)\Sandcastle\Presentation\VS2010\branding\branding-es-ES.xslt -> D:\battleship\s1\Mohawk_Battleship\Help\Working\branding\branding-es-ES.xslt
    C:\Program Files (x86)\Sandcastle\Presentation\VS2010\branding\branding-fr-FR.xslt -> D:\battleship\s1\Mohawk_Battleship\Help\Working\branding\branding-fr-FR.xslt
    C:\Program Files (x86)\Sandcastle\Presentation\VS2010\branding\branding-it-IT.xslt -> D:\battleship\s1\Mohawk_Battleship\Help\Working\branding\branding-it-IT.xslt
    C:\Program Files (x86)\Sandcastle\Presentation\VS2010\branding\branding-ja-JP.xslt -> D:\battleship\s1\Mohawk_Battleship\Help\Working\branding\branding-ja-JP.xslt
    C:\Program Files (x86)\Sandcastle\Presentation\VS2010\branding\branding-ko-KR.xslt -> D:\battleship\s1\Mohawk_Battleship\Help\Working\branding\branding-ko-KR.xslt
    C:\Program Files (x86)\Sandcastle\Presentation\VS2010\branding\branding-pl-PL.xslt -> D:\battleship\s1\Mohawk_Battleship\Help\Working\branding\branding-pl-PL.xslt
    C:\Program Files (x86)\Sandcastle\Presentation\VS2010\branding\branding-pt-BR.xslt -> D:\battleship\s1\Mohawk_Battleship\Help\Working\branding\branding-pt-BR.xslt
    C:\Program Files (x86)\Sandcastle\Presentation\VS2010\branding\branding-ru-RU.xslt -> D:\battleship\s1\Mohawk_Battleship\Help\Working\branding\branding-ru-RU.xslt
    C:\Program Files (x86)\Sandcastle\Presentation\VS2010\branding\branding-tr-TR.xslt -> D:\battleship\s1\Mohawk_Battleship\Help\Working\branding\branding-tr-TR.xslt
    C:\Program Files (x86)\Sandcastle\Presentation\VS2010\branding\branding-zh-CN.xslt -> D:\battleship\s1\Mohawk_Battleship\Help\Working\branding\branding-zh-CN.xslt
    C:\Program Files (x86)\Sandcastle\Presentation\VS2010\branding\branding-zh-TW.xslt -> D:\battleship\s1\Mohawk_Battleship\Help\Working\branding\branding-zh-TW.xslt
    C:\Program Files (x86)\Sandcastle\Presentation\VS2010\branding\ps-body.xslt -> D:\battleship\s1\Mohawk_Battleship\Help\Working\branding\ps-body.xslt
    C:\Program Files (x86)\Sandcastle\Presentation\VS2010\branding\ps-head.xslt -> D:\battleship\s1\Mohawk_Battleship\Help\Working\branding\ps-head.xslt
    C:\Program Files (x86)\Sandcastle\Presentation\VS2010\branding\ps-foot.xslt -> D:\battleship\s1\Mohawk_Battleship\Help\Working\branding\ps-foot.xslt
    C:\Program Files (x86)\Sandcastle\Presentation\VS2010\branding\ps-collapsibleArea.xslt -> D:\battleship\s1\Mohawk_Battleship\Help\Working\branding\ps-collapsibleArea.xslt
    C:\Program Files (x86)\Sandcastle\Presentation\VS2010\branding\ps-instrumentedLink.xslt -> D:\battleship\s1\Mohawk_Battleship\Help\Working\branding\ps-instrumentedLink.xslt
    C:\Program Files (x86)\Sandcastle\Presentation\VS2010\branding\ps-languageSpecificText.xslt -> D:\battleship\s1\Mohawk_Battleship\Help\Working\branding\ps-languageSpecificText.xslt
    C:\Program Files (x86)\Sandcastle\Presentation\VS2010\branding\ps-codesnippet.xslt -> D:\battleship\s1\Mohawk_Battleship\Help\Working\branding\ps-codesnippet.xslt
    Last step completed in 00:00:01.0297
</buildStep>
<buildStep step="CopyAdditionalContent">
Copying additional content files...
No additional content to copy
    Last step completed in 00:00:00.0338
</buildStep>
<buildStep step="MergeTablesOfContents">
Merging conceptual and additional tables of contents...
    Last step completed in 00:00:00.0063
</buildStep>
<buildStep step="GenerateIntermediateTableOfContents">
Generating intermediate table of contents file...
[C:\Windows\Microsoft.NET\Framework64\v4.0.30319\MSBuild.exe]
  XslTransform (v2.7.3.0)
  Copyright &#184; 2006-2013, Microsoft Corporation, All Rights Reserved.
  Portions Copyright &#184; 2006-2013, Eric Woodruff, All Rights Reserved.
  Info: Applying XSL transformation &#39;C:\Program Files (x86)\Sandcastle\\ProductionTransforms\CreateVSToc.xsl&#39;.
Generating conceptual content intermediate TOC file...
    Last step completed in 00:00:02.2319
</buildStep>
<buildStep step="CreateBuildAssemblerConfigs">
Creating Sandcastle configuration files...
    sandcastle.config
    Last step completed in 00:00:00.5091
</buildStep>
<buildStep step="MergeCustomConfigs">
Merging custom build component configurations
D:\battleship\s1\Mohawk_Battleship\Help\Working\sandcastle.config
    Last step completed in 00:00:00.0439
</buildStep>
<buildStep step="BuildReferenceTopics">
Building reference help topics...
[C:\Windows\Microsoft.NET\Framework64\v4.0.30319\MSBuild.exe]
  BuildAssembler (v2.7.3.0)
  Copyright &#184; 2006-2013, Microsoft Corporation, All Rights Reserved.
  Portions Copyright &#184; 2006-2013, Eric Woodruff, All Rights Reserved.
  Info: Loading configuration...
  Diagnostic: ResolveReferenceLinksComponent2: The MSDN content ID cache &#39;C:\Users\Ryan\AppData\Local\EWSoftware\Sandcastle Help File Builder\Cache\MsdnContentId.cache&#39; does not exist yet.  All IDs will be looked up in this build which will slow it down.
  Info: Processing topics...
  Warn: ShowMissingComponent: [N:MBC.Core] Missing &lt;summary&gt; documentation
  Warn: ShowMissingComponent: [T:MBC.Core.ClassicRound] Missing &lt;summary&gt; documentation
  Warn: ShowMissingComponent: [M:MBC.Core.ClassicRound.#ctor(MBC.Shared.MatchInfo,System.Collections.Generic.List{{MBC.Core.ControllerUser}})] Missing &lt;param name=&quot;info&quot;/&gt; documentation
  Warn: ShowMissingComponent: [M:MBC.Core.ClassicRound.#ctor(MBC.Shared.MatchInfo,System.Collections.Generic.List{{MBC.Core.ControllerUser}})] Missing &lt;param name=&quot;controllers&quot;/&gt; documentation
  Warn: ShowMissingComponent: [M:MBC.Core.CMatchInfo.#ctor(MBC.Core.Util.Configuration,MBC.Core.ControllerInformation[])] Missing &lt;param name=&quot;config&quot;/&gt; documentation
  Warn: ShowMissingComponent: [M:MBC.Core.CMatchInfo.#ctor(MBC.Core.Util.Configuration,MBC.Core.ControllerInformation[])] Missing &lt;param name=&quot;controllerInfos&quot;/&gt; documentation
  Warn: ShowMissingComponent: [T:MBC.Core.ControlledRound] Missing &lt;summary&gt; documentation
  Warn: ShowMissingComponent: [M:MBC.Core.ControlledRound.#ctor(MBC.Shared.MatchInfo,System.Collections.Generic.List{{MBC.Core.ControllerUser}})] Missing &lt;param name=&quot;matchInfo&quot;/&gt; documentation
  Warn: ShowMissingComponent: [M:MBC.Core.ControlledRound.#ctor(MBC.Shared.MatchInfo,System.Collections.Generic.List{{MBC.Core.ControllerUser}})] Missing &lt;param name=&quot;controllers&quot;/&gt; documentation
  Warn: ShowMissingComponent: [M:MBC.Core.ControlledRound.Begin] Missing &lt;summary&gt; documentation
  Warn: ShowMissingComponent: [P:MBC.Core.ControlledRound.Controllers] Missing &lt;summary&gt; documentation
  Warn: ShowMissingComponent: [M:MBC.Core.ControlledRound.End] Missing &lt;summary&gt; documentation
  Warn: ShowMissingComponent: [M:MBC.Core.ControlledRound.MakeLoser(MBC.Shared.ControllerRegister)] Missing &lt;summary&gt; documentation
  Warn: ShowMissingComponent: [M:MBC.Core.ControlledRound.MakeLoser(MBC.Shared.ControllerRegister)] Missing &lt;param name=&quot;loser&quot;/&gt; documentation
  Warn: ShowMissingComponent: [M:MBC.Core.ControlledRound.ShipPlacement] Missing &lt;summary&gt; documentation
  Warn: ShowMissingComponent: [T:MBC.Core.ControllerIncompatibleException] Missing &lt;summary&gt; documentation
  Warn: ShowMissingComponent: [M:MBC.Core.ControllerIncompatibleException.#ctor(MBC.Core.ControllerInformation,MBC.Shared.GameMode)] Missing &lt;param name=&quot;incompatibleController&quot;/&gt; documentation
  Warn: ShowMissingComponent: [M:MBC.Core.ControllerIncompatibleException.#ctor(MBC.Core.ControllerInformation,MBC.Shared.GameMode)] Missing &lt;param name=&quot;mode&quot;/&gt; documentation
  Warn: ShowMissingComponent: [P:MBC.Core.ControllerIncompatibleException.IncompatibleController] Missing &lt;summary&gt; documentation
  Warn: ShowMissingComponent: [P:MBC.Core.ControllerIncompatibleException.IncompatibleMode] Missing &lt;summary&gt; documentation
  Warn: ResolveReferenceLinksComponent2: [T:MBC.Core.ControllerInformation] Unknown reference link target &#39;!:ClassInfo&#39;.
  Warn: ResolveReferenceLinksComponent2: [T:MBC.Core.ControllerInformation] Invalid reference link target &#39;!:ClassInfo&#39;.
  Warn: ShowMissingComponent: [M:MBC.Core.ControllerInformation.#ctor(MBC.Shared.Attributes.NameAttribute,MBC.Shared.Attributes.VersionAttribute,MBC.Shared.Attributes.DescriptionAttribute,MBC.Shared.Attributes.AuthorAttribute,MBC.Shared.Attributes.AcademicInfoAttribute,MBC.Shared.Attributes.CapabilitiesAttribute,System.String,System.Type)] Missing &lt;param name=&quot;desc&quot;/&gt; documentation
  Warn: ShowMissingComponent: [M:MBC.Core.ControllerInformation.#ctor(MBC.Shared.Attributes.NameAttribute,MBC.Shared.Attributes.VersionAttribute,MBC.Shared.Attributes.DescriptionAttribute,MBC.Shared.Attributes.AuthorAttribute,MBC.Shared.Attributes.AcademicInfoAttribute,MBC.Shared.Attributes.CapabilitiesAttribute,System.String,System.Type)] Missing &lt;param name=&quot;auth&quot;/&gt; documentation
  Warn: ShowMissingComponent: [M:MBC.Core.ControllerInformation.#ctor(MBC.Shared.Attributes.NameAttribute,MBC.Shared.Attributes.VersionAttribute,MBC.Shared.Attributes.DescriptionAttribute,MBC.Shared.Attributes.AuthorAttribute,MBC.Shared.Attributes.AcademicInfoAttribute,MBC.Shared.Attributes.CapabilitiesAttribute,System.String,System.Type)] Missing &lt;param name=&quot;academic&quot;/&gt; documentation
  Warn: ShowMissingComponent: [M:MBC.Core.ControllerInformation.#ctor(MBC.Shared.Attributes.NameAttribute,MBC.Shared.Attributes.VersionAttribute,MBC.Shared.Attributes.DescriptionAttribute,MBC.Shared.Attributes.AuthorAttribute,MBC.Shared.Attributes.AcademicInfoAttribute,MBC.Shared.Attributes.CapabilitiesAttribute,System.String,System.Type)] Missing &lt;param name=&quot;capabilities&quot;/&gt; documentation
  Warn: ShowMissingComponent: [P:MBC.Core.ControllerInformation.AvailableControllers] Missing &lt;summary&gt; documentation
  Warn: ShowMissingComponent: [P:MBC.Core.ControllerInformation.Capabilities] Missing &lt;summary&gt; documentation
  Warn: ShowMissingComponent: [M:MBC.Core.ControllerInformation.ToString] Missing &lt;returns&gt; documentation
  Warn: ShowMissingComponent: [T:MBC.Core.ControllerTimeoutException] Missing &lt;summary&gt; documentation
  Warn: ShowMissingComponent: [M:MBC.Core.ControllerTimeoutException.#ctor(MBC.Shared.ControllerRegister,System.String,System.Int32)] Missing &lt;param name=&quot;register&quot;/&gt; documentation
  Warn: ShowMissingComponent: [M:MBC.Core.ControllerTimeoutException.#ctor(MBC.Shared.ControllerRegister,System.String,System.Int32)] Missing &lt;param name=&quot;methodName&quot;/&gt; documentation
  Warn: ShowMissingComponent: [M:MBC.Core.ControllerTimeoutException.#ctor(MBC.Shared.ControllerRegister,System.String,System.Int32)] Missing &lt;param name=&quot;timeTaken&quot;/&gt; documentation
  Warn: ShowMissingComponent: [P:MBC.Core.ControllerTimeoutException.MethodName] Missing &lt;summary&gt; documentation
  Warn: ShowMissingComponent: [P:MBC.Core.ControllerTimeoutException.Register] Missing &lt;summary&gt; documentation
  Warn: ShowMissingComponent: [P:MBC.Core.ControllerTimeoutException.TimeTaken] Missing &lt;summary&gt; documentation
  Warn: ResolveReferenceLinksComponent2: [P:MBC.Core.ControllerUser.Information] Unknown reference link target &#39;!:ClassInfo&#39;.
  Warn: ResolveReferenceLinksComponent2: [P:MBC.Core.ControllerUser.Information] Invalid reference link target &#39;!:ClassInfo&#39;.
  Warn: ShowMissingComponent: [M:MBC.Core.ControllerUser.NewMatch(MBC.Shared.ControllerRegister)] Missing &lt;param name=&quot;registerInstance&quot;/&gt; documentation
  Warn: ShowMissingComponent: [P:MBC.Core.ControllerUser.Register] Missing &lt;summary&gt; documentation
  Warn: ShowMissingComponent: [M:MBC.Core.Match.#ctor(MBC.Core.Util.Configuration,MBC.Core.ControllerInformation[])] Missing &lt;param name=&quot;conf&quot;/&gt; documentation
  Warn: ShowMissingComponent: [M:MBC.Core.Round.AddAccolade(MBC.Core.Accolades.Accolade)] Missing &lt;summary&gt; documentation
  Warn: ShowMissingComponent: [M:MBC.Core.Round.AddAccolade(MBC.Core.Accolades.Accolade)] Missing &lt;param name=&quot;accolade&quot;/&gt; documentation
  Warn: ShowMissingComponent: [P:MBC.Core.Round.ControllerCount] Missing &lt;summary&gt; documentation
  Warn: ShowMissingComponent: [E:MBC.Core.Round.ControllerEvent] Missing &lt;summary&gt; documentation
  Warn: ShowMissingComponent: [F:MBC.Core.Round.currentTurn] Missing &lt;summary&gt; documentation
  Warn: ShowMissingComponent: [P:MBC.Core.Round.Events] Missing &lt;summary&gt; documentation
  Warn: ShowMissingComponent: [M:MBC.Core.Round.MakeEvent(MBC.Core.Events.ControllerEvent)] Missing &lt;summary&gt; documentation
  Warn: ShowMissingComponent: [M:MBC.Core.Round.MakeEvent(MBC.Core.Events.ControllerEvent)] Missing &lt;param name=&quot;ev&quot;/&gt; documentation
  Warn: ShowMissingComponent: [M:MBC.Core.Round.NextRemaining] Missing &lt;summary&gt; documentation
  Warn: ShowMissingComponent: [M:MBC.Core.Round.NextRemaining] Missing &lt;returns&gt; documentation
  Warn: ShowMissingComponent: [F:MBC.Core.Round.registers] Missing &lt;summary&gt; documentation
  Warn: ShowMissingComponent: [P:MBC.Core.Round.Registers] Missing &lt;summary&gt; documentation
  Warn: ShowMissingComponent: [P:MBC.Core.Round.RemainingCount] Missing &lt;summary&gt; documentation
  Warn: ShowMissingComponent: [F:MBC.Core.Round.remainingRegisters] Missing &lt;summary&gt; documentation
  Warn: ShowMissingComponent: [P:MBC.Core.Round.RemainingRegisters] Missing &lt;summary&gt; documentation
  Warn: ShowMissingComponent: [N:MBC.Core.Accolades] Missing &lt;summary&gt; documentation
  Warn: ShowMissingComponent: [T:MBC.Core.Accolades.AccoladeGenerator] Missing &lt;summary&gt; documentation
  Warn: ShowMissingComponent: [M:MBC.Core.Accolades.AccoladeGenerator.#ctor(MBC.Core.Round)] Missing &lt;param name=&quot;round&quot;/&gt; documentation
  Warn: ShowMissingComponent: [N:MBC.Core.Events] Missing &lt;summary&gt; documentation
  Warn: ShowMissingComponent: [T:MBC.Core.Events.ControllerDestroyedShipEvent] Missing &lt;summary&gt; documentation
  Warn: ShowMissingComponent: [M:MBC.Core.Events.ControllerDestroyedShipEvent.#ctor(MBC.Shared.ControllerRegister,MBC.Shared.ControllerRegister,MBC.Shared.Ship)] Missing &lt;param name=&quot;register&quot;/&gt; documentation
  Warn: ShowMissingComponent: [M:MBC.Core.Events.ControllerDestroyedShipEvent.#ctor(MBC.Shared.ControllerRegister,MBC.Shared.ControllerRegister,MBC.Shared.Ship)] Missing &lt;param name=&quot;shipOwner&quot;/&gt; documentation
  Warn: ShowMissingComponent: [M:MBC.Core.Events.ControllerDestroyedShipEvent.#ctor(MBC.Shared.ControllerRegister,MBC.Shared.ControllerRegister,MBC.Shared.Ship)] Missing &lt;param name=&quot;destroyedShip&quot;/&gt; documentation
  Warn: ShowMissingComponent: [T:MBC.Core.Events.ControllerEvent] Missing &lt;summary&gt; documentation
  Warn: ShowMissingComponent: [M:MBC.Core.Events.ControllerEvent.#ctor(MBC.Shared.ControllerRegister)] Missing &lt;param name=&quot;register&quot;/&gt; documentation
  Warn: ShowMissingComponent: [P:MBC.Core.Events.ControllerEvent.Register] Missing &lt;summary&gt; documentation
  Warn: ShowMissingComponent: [T:MBC.Core.Events.ControllerHitShipEvent] Missing &lt;summary&gt; documentation
  Warn: ShowMissingComponent: [M:MBC.Core.Events.ControllerHitShipEvent.#ctor(MBC.Shared.ControllerRegister,MBC.Shared.ControllerRegister,MBC.Shared.Shot)] Missing &lt;param name=&quot;register&quot;/&gt; documentation
  Warn: ShowMissingComponent: [M:MBC.Core.Events.ControllerHitShipEvent.#ctor(MBC.Shared.ControllerRegister,MBC.Shared.ControllerRegister,MBC.Shared.Shot)] Missing &lt;param name=&quot;opposer&quot;/&gt; documentation
  Warn: ShowMissingComponent: [M:MBC.Core.Events.ControllerHitShipEvent.#ctor(MBC.Shared.ControllerRegister,MBC.Shared.ControllerRegister,MBC.Shared.Shot)] Missing &lt;param name=&quot;shot&quot;/&gt; documentation
  Warn: ShowMissingComponent: [P:MBC.Core.Events.ControllerHitShipEvent.HitCoords] Missing &lt;summary&gt; documentation
  Warn: ShowMissingComponent: [P:MBC.Core.Events.ControllerHitShipEvent.Opponent] Missing &lt;summary&gt; documentation
  Warn: ShowMissingComponent: [T:MBC.Core.Events.ControllerLostEvent] Missing &lt;summary&gt; documentation
  Warn: ShowMissingComponent: [M:MBC.Core.Events.ControllerLostEvent.#ctor(MBC.Shared.ControllerRegister)] Missing &lt;param name=&quot;controller&quot;/&gt; documentation
  Warn: ShowMissingComponent: [T:MBC.Core.Events.ControllerShipsPlacedEvent] Missing &lt;summary&gt; documentation
  Warn: ShowMissingComponent: [M:MBC.Core.Events.ControllerShipsPlacedEvent.#ctor(MBC.Shared.ControllerRegister,MBC.Shared.ShipList)] Missing &lt;param name=&quot;register&quot;/&gt; documentation
  Warn: ShowMissingComponent: [M:MBC.Core.Events.ControllerShipsPlacedEvent.#ctor(MBC.Shared.ControllerRegister,MBC.Shared.ShipList)] Missing &lt;param name=&quot;ships&quot;/&gt; documentation
  Warn: ShowMissingComponent: [T:MBC.Core.Events.ControllerShotEvent] Missing &lt;summary&gt; documentation
  Warn: ShowMissingComponent: [M:MBC.Core.Events.ControllerShotEvent.#ctor(MBC.Shared.ControllerRegister,MBC.Shared.Shot)] Missing &lt;param name=&quot;register&quot;/&gt; documentation
  Warn: ShowMissingComponent: [M:MBC.Core.Events.ControllerShotEvent.#ctor(MBC.Shared.ControllerRegister,MBC.Shared.Shot)] Missing &lt;param name=&quot;shot&quot;/&gt; documentation
  Warn: ShowMissingComponent: [P:MBC.Core.Events.ControllerShotEvent.Shot] Missing &lt;summary&gt; documentation
  Warn: ShowMissingComponent: [T:MBC.Core.Events.ControllerTimeoutEvent] Missing &lt;summary&gt; documentation
  Warn: ShowMissingComponent: [M:MBC.Core.Events.ControllerTimeoutEvent.#ctor(MBC.Core.ControllerTimeoutException)] Missing &lt;param name=&quot;exception&quot;/&gt; documentation
  Warn: ShowMissingComponent: [P:MBC.Core.Events.ControllerTimeoutEvent.Method] Missing &lt;summary&gt; documentation
  Warn: ShowMissingComponent: [P:MBC.Core.Events.ControllerTimeoutEvent.TimeTaken] Missing &lt;summary&gt; documentation
  Warn: ShowMissingComponent: [T:MBC.Core.Events.ControllerWonEvent] Missing &lt;summary&gt; documentation
  Warn: ShowMissingComponent: [M:MBC.Core.Events.ControllerWonEvent.#ctor(MBC.Shared.ControllerRegister)] Missing &lt;param name=&quot;register&quot;/&gt; documentation
  Warn: ShowMissingComponent: [F:MBC.Core.Events.Event.message] Missing &lt;summary&gt; documentation
  Warn: ShowMissingComponent: [M:MBC.Core.Events.Event.ToString] Missing &lt;summary&gt; documentation
  Warn: ShowMissingComponent: [M:MBC.Core.Events.Event.ToString] Missing &lt;returns&gt; documentation
  Warn: ShowMissingComponent: [T:MBC.Core.Events.MatchBeginEvent] Missing &lt;summary&gt; documentation
  Warn: ShowMissingComponent: [M:MBC.Core.Events.MatchBeginEvent.#ctor(MBC.Core.Match)] Missing &lt;param name=&quot;match&quot;/&gt; documentation
  Warn: ShowMissingComponent: [T:MBC.Core.Events.MatchEndEvent] Missing &lt;summary&gt; documentation
  Warn: ShowMissingComponent: [M:MBC.Core.Events.MatchEndEvent.#ctor(MBC.Core.Match)] Missing &lt;param name=&quot;match&quot;/&gt; documentation
  Warn: ShowMissingComponent: [T:MBC.Core.Events.MatchEvent] Missing &lt;summary&gt; documentation
  Warn: ShowMissingComponent: [M:MBC.Core.Events.MatchEvent.#ctor(MBC.Core.Match)] Missing &lt;param name=&quot;match&quot;/&gt; documentation
  Warn: ShowMissingComponent: [P:MBC.Core.Events.MatchEvent.Match] Missing &lt;summary&gt; documentation
  Warn: ShowMissingComponent: [T:MBC.Core.Events.MatchPlayEvent] Missing &lt;summary&gt; documentation
  Warn: ShowMissingComponent: [M:MBC.Core.Events.MatchPlayEvent.#ctor(MBC.Core.Match)] Missing &lt;param name=&quot;match&quot;/&gt; documentation
  Warn: ShowMissingComponent: [T:MBC.Core.Events.MatchStopEvent] Missing &lt;summary&gt; documentation
  Warn: ShowMissingComponent: [M:MBC.Core.Events.MatchStopEvent.#ctor(MBC.Core.Match)] Missing &lt;param name=&quot;match&quot;/&gt; documentation
  Warn: ShowMissingComponent: [T:MBC.Core.Events.MBCControllerEventHandler] Missing &lt;summary&gt; documentation
  Warn: ShowMissingComponent: [T:MBC.Core.Events.RoundAccoladeEvent] Missing &lt;summary&gt; documentation
  Warn: ShowMissingComponent: [M:MBC.Core.Events.RoundAccoladeEvent.#ctor(MBC.Core.Round,MBC.Core.Accolades.Accolade)] Missing &lt;param name=&quot;round&quot;/&gt; documentation
  Warn: ShowMissingComponent: [M:MBC.Core.Events.RoundAccoladeEvent.#ctor(MBC.Core.Round,MBC.Core.Accolades.Accolade)] Missing &lt;param name=&quot;accolade&quot;/&gt; documentation
  Warn: ShowMissingComponent: [T:MBC.Core.Events.RoundBeginEvent] Missing &lt;summary&gt; documentation
  Warn: ShowMissingComponent: [M:MBC.Core.Events.RoundBeginEvent.#ctor(MBC.Core.Round)] Missing &lt;param name=&quot;round&quot;/&gt; documentation
  Warn: ShowMissingComponent: [T:MBC.Core.Events.RoundEndEvent] Missing &lt;summary&gt; documentation
  Warn: ShowMissingComponent: [M:MBC.Core.Events.RoundEndEvent.#ctor(MBC.Core.Round)] Missing &lt;param name=&quot;round&quot;/&gt; documentation
  Warn: ShowMissingComponent: [T:MBC.Core.Events.RoundEvent] Missing &lt;summary&gt; documentation
  Warn: ShowMissingComponent: [M:MBC.Core.Events.RoundEvent.#ctor(MBC.Core.Round)] Missing &lt;param name=&quot;rnd&quot;/&gt; documentation
  Warn: ShowMissingComponent: [P:MBC.Core.Events.RoundEvent.Round] Missing &lt;summary&gt; documentation
  Warn: ShowMissingComponent: [N:MBC.Core.Util] Missing &lt;summary&gt; documentation
  Warn: ShowMissingComponent: [T:MBC.Core.Util.Configuration] Missing &lt;summary&gt; documentation
  Warn: ShowMissingComponent: [M:MBC.Core.Util.Configuration.#ctor(System.String)] Missing &lt;param name=&quot;name&quot;/&gt; documentation
  Warn: ShowMissingComponent: [M:MBC.Core.Util.Configuration.FileExists] Missing &lt;summary&gt; documentation
  Warn: ShowMissingComponent: [M:MBC.Core.Util.Configuration.FileExists] Missing &lt;returns&gt; documentation
  Warn: ShowMissingComponent: [M:MBC.Core.Util.Configuration.GetConfigValueArray``1(System.String)] Missing &lt;summary&gt; documentation
  Warn: ShowMissingComponent: [M:MBC.Core.Util.Configuration.GetConfigValueArray``1(System.String)] Missing &lt;typeparam name=&quot;T&quot;/&gt; documentation
  Warn: ShowMissingComponent: [M:MBC.Core.Util.Configuration.GetConfigValueArray``1(System.String)] Missing &lt;returns&gt; documentation
  Warn: ShowMissingComponent: [M:MBC.Core.Util.Configuration.GetConfigValueArray``1(System.String)] Missing &lt;param name=&quot;key&quot;/&gt; documentation
  Warn: ShowMissingComponent: [M:MBC.Core.Util.Configuration.GetList``1(System.String)] Missing &lt;typeparam name=&quot;T&quot;/&gt; documentation
  Warn: ShowMissingComponent: [M:MBC.Core.Util.Configuration.GetValue``1(System.String)] Missing &lt;typeparam name=&quot;T&quot;/&gt; documentation
  Warn: ShowMissingComponent: [M:MBC.Core.Util.Configuration.ParseString(System.String)] Missing &lt;summary&gt; documentation
  Warn: ShowMissingComponent: [M:MBC.Core.Util.Configuration.ParseString(System.String)] Missing &lt;returns&gt; documentation
  Warn: ShowMissingComponent: [M:MBC.Core.Util.Configuration.ParseString(System.String)] Missing &lt;param name=&quot;value&quot;/&gt; documentation
  Warn: ShowMissingComponent: [M:MBC.Core.Util.Configuration.Rename(System.String)] Missing &lt;param name=&quot;newName&quot;/&gt; documentation
  Warn: ShowMissingComponent: [M:MBC.Core.Util.Configuration.SetValue(System.String,System.String)] Missing &lt;returns&gt; documentation
  Warn: ShowMissingComponent: [T:MBC.Core.Util.ConfigurationAttribute] Missing &lt;summary&gt; documentation
  Warn: ShowMissingComponent: [M:MBC.Core.Util.ConfigurationAttribute.#ctor(System.String,System.Object)] Missing &lt;param name=&quot;key&quot;/&gt; documentation
  Warn: ShowMissingComponent: [M:MBC.Core.Util.ConfigurationAttribute.#ctor(System.String,System.Object)] Missing &lt;param name=&quot;value&quot;/&gt; documentation
  Warn: ShowMissingComponent: [P:MBC.Core.Util.ConfigurationAttribute.Description] Missing &lt;summary&gt; documentation
  Warn: ShowMissingComponent: [P:MBC.Core.Util.ConfigurationAttribute.Key] Missing &lt;summary&gt; documentation
  Warn: ShowMissingComponent: [P:MBC.Core.Util.ConfigurationAttribute.Value] Missing &lt;summary&gt; documentation
  Warn: ShowMissingComponent: [N:MBC.Shared] Missing &lt;summary&gt; documentation
  Warn: ShowMissingComponent: [M:MBC.Shared.Controller.MakeShot] Missing &lt;returns&gt; documentation
  Warn: ShowMissingComponent: [P:MBC.Shared.Controller.Register] Missing &lt;summary&gt; documentation
  Warn: ShowMissingComponent: [M:MBC.Shared.Controller.SendMessage(System.String)] Missing &lt;summary&gt; documentation
  Warn: ShowMissingComponent: [M:MBC.Shared.Controller.SendMessage(System.String)] Missing &lt;param name=&quot;message&quot;/&gt; documentation
  Warn: ShowMissingComponent: [M:MBC.Shared.ControllerID.op_Implicit(MBC.Shared.ControllerID)~System.Int32] Missing &lt;summary&gt; documentation
  Warn: ShowMissingComponent: [M:MBC.Shared.ControllerID.op_Implicit(MBC.Shared.ControllerID)~System.Int32] Missing &lt;returns&gt; documentation
  Warn: ShowMissingComponent: [M:MBC.Shared.ControllerID.op_Implicit(MBC.Shared.ControllerID)~System.Int32] Missing &lt;param name=&quot;id&quot;/&gt; documentation
  Warn: ShowMissingComponent: [M:MBC.Shared.ControllerID.op_Implicit(System.Int32)~MBC.Shared.ControllerID] Missing &lt;summary&gt; documentation
  Warn: ShowMissingComponent: [M:MBC.Shared.ControllerID.op_Implicit(System.Int32)~MBC.Shared.ControllerID] Missing &lt;returns&gt; documentation
  Warn: ShowMissingComponent: [M:MBC.Shared.ControllerID.op_Implicit(System.Int32)~MBC.Shared.ControllerID] Missing &lt;param name=&quot;value&quot;/&gt; documentation
  Warn: ShowMissingComponent: [M:MBC.Shared.ControllerID.ToString] Missing &lt;summary&gt; documentation
  Warn: ShowMissingComponent: [M:MBC.Shared.ControllerID.ToString] Missing &lt;returns&gt; documentation
  Warn: ShowMissingComponent: [T:MBC.Shared.ControllerRegister] Missing &lt;summary&gt; documentation
  Warn: ShowMissingComponent: [M:MBC.Shared.ControllerRegister.#ctor(MBC.Shared.ControllerRegister)] Missing &lt;param name=&quot;copy&quot;/&gt; documentation
  Warn: ShowMissingComponent: [M:MBC.Shared.ControllerRegister.#ctor(MBC.Shared.MatchInfo,MBC.Shared.ControllerID)] Missing &lt;param name=&quot;match&quot;/&gt; documentation
  Warn: ShowMissingComponent: [M:MBC.Shared.ControllerRegister.#ctor(MBC.Shared.MatchInfo,MBC.Shared.ControllerID)] Missing &lt;param name=&quot;id&quot;/&gt; documentation
  Warn: ShowMissingComponent: [M:MBC.Shared.ControllerRegister.Equals(MBC.Shared.ControllerRegister)] Missing &lt;summary&gt; documentation
  Warn: ShowMissingComponent: [M:MBC.Shared.ControllerRegister.Equals(MBC.Shared.ControllerRegister)] Missing &lt;returns&gt; documentation
  Warn: ShowMissingComponent: [M:MBC.Shared.ControllerRegister.Equals(MBC.Shared.ControllerRegister)] Missing &lt;param name=&quot;register&quot;/&gt; documentation
  Warn: ShowMissingComponent: [M:MBC.Shared.ControllerRegister.Equals(System.Object)] Missing &lt;summary&gt; documentation
  Warn: ShowMissingComponent: [M:MBC.Shared.ControllerRegister.Equals(System.Object)] Missing &lt;returns&gt; documentation
  Warn: ShowMissingComponent: [M:MBC.Shared.ControllerRegister.Equals(System.Object)] Missing &lt;param name=&quot;obj&quot;/&gt; documentation
  Warn: ShowMissingComponent: [M:MBC.Shared.ControllerRegister.GetHashCode] Missing &lt;summary&gt; documentation
  Warn: ShowMissingComponent: [M:MBC.Shared.ControllerRegister.GetHashCode] Missing &lt;returns&gt; documentation
  Warn: ShowMissingComponent: [P:MBC.Shared.ControllerRegister.ID] Missing &lt;summary&gt; documentation
  Warn: ShowMissingComponent: [P:MBC.Shared.ControllerRegister.Match] Missing &lt;summary&gt; documentation
  Warn: ShowMissingComponent: [P:MBC.Shared.ControllerRegister.Opponents] Missing &lt;summary&gt; documentation
  Warn: ShowMissingComponent: [P:MBC.Shared.ControllerRegister.Score] Missing &lt;summary&gt; documentation
  Warn: ShowMissingComponent: [P:MBC.Shared.ControllerRegister.Ships] Missing &lt;summary&gt; documentation
  Warn: ShowMissingComponent: [P:MBC.Shared.ControllerRegister.Shots] Missing &lt;summary&gt; documentation
  Warn: ShowMissingComponent: [M:MBC.Shared.ControllerRegister.ToString] Missing &lt;summary&gt; documentation
  Warn: ShowMissingComponent: [M:MBC.Shared.ControllerRegister.ToString] Missing &lt;returns&gt; documentation
  Warn: ShowMissingComponent: [T:MBC.Shared.Coordinates] Missing &lt;summary&gt; documentation
  Warn: ShowMissingComponent: [F:MBC.Shared.MatchInfo.fieldSize] Missing &lt;summary&gt; documentation
  Warn: ShowMissingComponent: [F:MBC.Shared.MatchInfo.gameMode] Missing &lt;summary&gt; documentation
  Warn: ShowMissingComponent: [F:MBC.Shared.MatchInfo.initShips] Missing &lt;summary&gt; documentation
  Warn: ShowMissingComponent: [F:MBC.Shared.MatchInfo.methodTimeLimit] Missing &lt;summary&gt; documentation
  Warn: ShowMissingComponent: [F:MBC.Shared.MatchInfo.playerNames] Missing &lt;summary&gt; documentation
  Warn: ShowMissingComponent: [M:MBC.Shared.Ship.#ctor(MBC.Shared.Ship)] Missing &lt;param name=&quot;shipCopy&quot;/&gt; documentation
  Warn: ShowMissingComponent: [M:MBC.Shared.Ship.ConflictsWith(MBC.Shared.Ship)] Missing &lt;returns&gt; documentation
  Warn: ShowMissingComponent: [M:MBC.Shared.Ship.Equals(System.Object)] Missing &lt;returns&gt; documentation
  Warn: ShowMissingComponent: [M:MBC.Shared.Ship.GetAllLocations] Missing &lt;returns&gt; documentation
  Warn: ShowMissingComponent: [M:MBC.Shared.Ship.IsAt(MBC.Shared.Coordinates)] Missing &lt;returns&gt; documentation
  Warn: ShowMissingComponent: [M:MBC.Shared.Ship.IsValid(MBC.Shared.Coordinates)] Missing &lt;returns&gt; documentation
  Warn: ShowMissingComponent: [M:MBC.Shared.ShipList.#ctor(MBC.Shared.ShipList)] Missing &lt;param name=&quot;copyList&quot;/&gt; documentation
  Warn: ShowMissingComponent: [M:MBC.Shared.ShipList.#ctor(System.Int32[])] Missing &lt;param name=&quot;shipLengths&quot;/&gt; documentation
  Warn: ShowMissingComponent: [M:MBC.Shared.ShipList.Contains(MBC.Shared.Ship)] Missing &lt;returns&gt; documentation
  Warn: ShowMissingComponent: [M:MBC.Shared.ShipList.PlaceShip(MBC.Shared.Coordinates,MBC.Shared.ShipOrientation,MBC.Shared.Coordinates)] Missing &lt;param name=&quot;maxCoords&quot;/&gt; documentation
  Warn: ShowMissingComponent: [M:MBC.Shared.ShipList.Remove(MBC.Shared.Ship)] Missing &lt;returns&gt; documentation
  Warn: ShowMissingComponent: [M:MBC.Shared.Shot.Equals(System.Object)] Missing &lt;param name=&quot;obj&quot;/&gt; documentation
  Warn: ShowMissingComponent: [M:MBC.Shared.Shot.op_Inequality(MBC.Shared.Shot,MBC.Shared.Shot)] Missing &lt;returns&gt; documentation
  Warn: ShowMissingComponent: [M:MBC.Shared.Shot.op_Inequality(MBC.Shared.Shot,MBC.Shared.Shot)] Missing &lt;param name=&quot;shot1&quot;/&gt; documentation
  Warn: ShowMissingComponent: [M:MBC.Shared.Shot.op_Inequality(MBC.Shared.Shot,MBC.Shared.Shot)] Missing &lt;param name=&quot;shot2&quot;/&gt; documentation
  Warn: ShowMissingComponent: [M:MBC.Shared.ShotList.GetEnumerator] Missing &lt;returns&gt; documentation
  Warn: ShowMissingComponent: [M:MBC.Shared.ShotList.op_Addition(MBC.Shared.ShotList,MBC.Shared.ShotList)] Missing &lt;param name=&quot;list1&quot;/&gt; documentation
  Warn: ShowMissingComponent: [M:MBC.Shared.ShotList.op_Addition(MBC.Shared.ShotList,MBC.Shared.ShotList)] Missing &lt;param name=&quot;list2&quot;/&gt; documentation
  Warn: ShowMissingComponent: [M:MBC.Shared.ShotList.ShotsToReceiver(MBC.Shared.ControllerID)] Missing &lt;returns&gt; documentation
  Warn: ShowMissingComponent: [M:MBC.Shared.ShotList.ShotsToReceiver(MBC.Shared.ControllerID)] Missing &lt;param name=&quot;idx&quot;/&gt; documentation
  Warn: ShowMissingComponent: [N:MBC.Shared.Attributes] Missing &lt;summary&gt; documentation
  Warn: ShowMissingComponent: [M:MBC.Shared.Attributes.AcademicInfoAttribute.#ctor(System.String,System.String,System.Int32)] Missing &lt;param name=&quot;school&quot;/&gt; documentation
  Warn: ShowMissingComponent: [M:MBC.Shared.Attributes.AcademicInfoAttribute.#ctor(System.String,System.String,System.Int32)] Missing &lt;param name=&quot;program&quot;/&gt; documentation
  Warn: ShowMissingComponent: [M:MBC.Shared.Attributes.AcademicInfoAttribute.#ctor(System.String,System.String,System.Int32)] Missing &lt;param name=&quot;year&quot;/&gt; documentation
  Warn: ShowMissingComponent: [F:MBC.Shared.Attributes.AcademicInfoAttribute.CurrentYear] Missing &lt;summary&gt; documentation
  Warn: ShowMissingComponent: [F:MBC.Shared.Attributes.AcademicInfoAttribute.Institution] Missing &lt;summary&gt; documentation
  Warn: ShowMissingComponent: [F:MBC.Shared.Attributes.AcademicInfoAttribute.Program] Missing &lt;summary&gt; documentation
  Warn: ShowMissingComponent: [M:MBC.Shared.Attributes.CapabilitiesAttribute.#ctor(MBC.Shared.GameMode[])] Missing &lt;param name=&quot;modes&quot;/&gt; documentation
  Warn: ShowMissingComponent: [F:MBC.Shared.Attributes.DescriptionAttribute.Description] Missing &lt;summary&gt; documentation
  Warn: ShowMissingComponent: [F:MBC.Shared.Attributes.NameAttribute.Name] Missing &lt;summary&gt; documentation
  Warn: ShowMissingComponent: [F:MBC.Shared.Attributes.VersionAttribute.Version] Missing &lt;summary&gt; documentation
  Info: Processed 550 topic(s)
  Info: 205 warning(s)
  Diagnostic: CopyFromIndexComponent: &quot;reflection&quot; in-memory cache entries used: 5 of 15.
  Diagnostic: CopyFromIndexComponent: &quot;comments&quot; in-memory cache entries used: 3 of 30.
  Diagnostic: ResolveReferenceLinksComponent2: New MSDN content ID cache size: 57 entries
    Last step completed in 00:01:10.0881
</buildStep>
<buildStep step="CombiningIntermediateTocFiles">
Combining conceptual and API intermediate TOC files...
    Last step completed in 00:00:00.0093
</buildStep>
<buildStep step="ExtractingHtmlInfo">
Extracting HTML info for HTML Help 1 and/or website...
[C:\Windows\Microsoft.NET\Framework64\v4.0.30319\MSBuild.exe]
Sandcastle Help File Builder, version 1.9.7.0
Copyright &#184; 2006-2013, Eric Woodruff, All Rights Reserved
E-Mail: Eric@EWoodruff.us

Using LCID &#39;1033&#39;, code page &#39;65001&#39;, encoding charset &#39;UTF-8&#39;.

Processing Help 1 files in D:\battleship\s1\Mohawk_Battleship\Help\Working\Output\HtmlHelp1
Processed 550 HTML files
Sorting keywords and generating See Also indices
Saving HTML Help 1 keyword index to D:\battleship\s1\Mohawk_Battleship\Help\Working\MBC Documentation.hhk
Saving HTML Help 1 table of contents to D:\battleship\s1\Mohawk_Battleship\Help\Working\MBC Documentation.hhc
    Last step completed in 00:00:02.8351
</buildStep>
<buildStep step="GenerateHelpFormatTableOfContents">
Generating HTML Help 1 table of contents file...
    Last step completed in 00:00:00.0070
</buildStep>
<buildStep step="GenerateHelpFileIndex">
Generating HTML Help 1 index file...
    Last step completed in 00:00:00.0070
</buildStep>
<buildStep step="GenerateHelpProject">
Generating HTML Help 1 project file...
    Last step completed in 00:00:00.0210
</buildStep>
<buildStep step="CompilingHelpFile">
Compiling HTML Help 1 file...
[C:\Windows\Microsoft.NET\Framework64\v4.0.30319\MSBuild.exe]
  Microsoft HTML Help Compiler 4.74.8702
  
  
  
  Compiling d:\battleship\s1\Mohawk_Battleship\Help\Working\Output\HtmlHelp1\MBC Documentation.chm
  
  
  
  
  
  Compile time: 0 minutes, 5 seconds
  
  552	Topics
  
  6,638	Local links
  
  1,787	Internet links
  
  0	Graphics
  
  
  
  
  
  Created d:\battleship\s1\Mohawk_Battleship\Help\Working\Output\HtmlHelp1\MBC Documentation.chm, 790,549 bytes
  
  Compression decreased file by 4,719,681 bytes.
  
    Last step completed in 00:00:07.7086
</buildStep>
<buildStep step="CleanIntermediates">
Removing intermediate files...
    Last step completed in 00:00:00.8701
</buildStep>
<buildStep step="Completed">

Build completed successfully at 06-17-2013 02:08 PM.  Total time: 00:01:33.0444

</buildStep>
</shfbBuild>
